
**** Build of configuration Nios II for project exe ****

make all 
Info: Building ../exe_bsp/
make --no-print-directory -C ../exe_bsp/
[BSP build complete]
Info: Compiling main.c to obj/default/main.o
nios2-elf-gcc -xc -MP -MMD -c -I../exe_bsp//HAL/inc -I../exe_bsp/ -I../exe_bsp//drivers/inc  -DSYSTEM_BUS_WIDTH=32 -pipe -D__hal__ -DALT_NO_C_PLUS_PLUS -DALT_NO_CLEAN_EXIT -DALT_NO_EXIT -DALT_NO_INSTRUCTION_EMULATION -DSMALL_C_LIB -DALT_SINGLE_THREADED    -O0 -g -Wall   -EL -mno-hw-div -mno-hw-mul -mno-hw-mulx  -o obj/default/main.o main.c
Info: Linking exe.elf
nios2-elf-g++  -T'../exe_bsp//linker.x' -msys-crt0='../exe_bsp//obj/HAL/src/crt0.o' -msys-lib=hal_bsp -L../exe_bsp/  -Wl,--defsym,exit=_exit -msmallc  -Wl,-Map=exe.map   -O0 -g -Wall   -EL -mno-hw-div -mno-hw-mul -mno-hw-mulx  -o exe.elf obj/default/main.o -lm 
nios2-elf-insert exe.elf --thread_model hal --cpu_name nios2_qsys_0 --qsys true --simulation_enabled false --stderr_dev jtag_uart_0 --stdin_dev jtag_uart_0 --stdout_dev jtag_uart_0 --sopc_system_name soc --quartus_project_dir "/home/alek/aktualne/ps2" --sopcinfo /home/alek/aktualne/ps2/software/exe_bsp/../../soc.sopcinfo
Info: (exe.elf) 10 KBytes program size (code + initialized data).
Info:           21 KBytes free for stack + heap.
Info: Creating exe.objdump
nios2-elf-objdump --disassemble --syms --all-header --source exe.elf >exe.objdump
[exe build complete]

**** Build Finished ****

**** Build of configuration Nios II for project exe ****

make all 
Info: Building ../exe_bsp/
make --no-print-directory -C ../exe_bsp/
[BSP build complete]
[exe build complete]

**** Build Finished ****

**** Build of configuration Nios II for project exe ****

make all 
Info: Building ../exe_bsp/
make --no-print-directory -C ../exe_bsp/
[BSP build complete]
Info: Compiling main.c to obj/default/main.o
nios2-elf-gcc -xc -MP -MMD -c -I../exe_bsp//HAL/inc -I../exe_bsp/ -I../exe_bsp//drivers/inc  -DSYSTEM_BUS_WIDTH=32 -pipe -D__hal__ -DALT_NO_C_PLUS_PLUS -DALT_NO_CLEAN_EXIT -DALT_NO_EXIT -DALT_NO_INSTRUCTION_EMULATION -DSMALL_C_LIB -DALT_SINGLE_THREADED    -O0 -g -Wall   -EL -mno-hw-div -mno-hw-mul -mno-hw-mulx  -o obj/default/main.o main.c
main.c: In function 'main':
Info: Linking exe.elf
main.c:6: warning: implicit declaration of function 'IORD'
nios2-elf-g++  -T'../exe_bsp//linker.x' -msys-crt0='../exe_bsp//obj/HAL/src/crt0.o' -msys-lib=hal_bsp -L../exe_bsp/  -Wl,--defsym,exit=_exit -msmallc  -Wl,-Map=exe.map   -O0 -g -Wall   -EL -mno-hw-div -mno-hw-mul -mno-hw-mulx  -o exe.elf obj/default/main.o -lm 
obj/default/main.o: In function `main':
/home/alek/aktualne/ps2/software/exe/main.c:6: undefined reference to `IORD'
collect2: ld returned 1 exit status
make: *** [exe.elf] Error 1

**** Build Finished ****

**** Build of configuration Nios II for project exe ****

make all 
Info: Building ../exe_bsp/
make --no-print-directory -C ../exe_bsp/
[BSP build complete]
Info: Compiling main.c to obj/default/main.o
nios2-elf-gcc -xc -MP -MMD -c -I../exe_bsp//HAL/inc -I../exe_bsp/ -I../exe_bsp//drivers/inc  -DSYSTEM_BUS_WIDTH=32 -pipe -D__hal__ -DALT_NO_C_PLUS_PLUS -DALT_NO_CLEAN_EXIT -DALT_NO_EXIT -DALT_NO_INSTRUCTION_EMULATION -DSMALL_C_LIB -DALT_SINGLE_THREADED    -O0 -g -Wall   -EL -mno-hw-div -mno-hw-mul -mno-hw-mulx  -o obj/default/main.o main.c
Info: Linking exe.elf
nios2-elf-g++  -T'../exe_bsp//linker.x' -msys-crt0='../exe_bsp//obj/HAL/src/crt0.o' -msys-lib=hal_bsp -L../exe_bsp/  -Wl,--defsym,exit=_exit -msmallc  -Wl,-Map=exe.map   -O0 -g -Wall   -EL -mno-hw-div -mno-hw-mul -mno-hw-mulx  -o exe.elf obj/default/main.o -lm 
nios2-elf-insert exe.elf --thread_model hal --cpu_name nios2_qsys_0 --qsys true --simulation_enabled false --stderr_dev jtag_uart_0 --stdin_dev jtag_uart_0 --stdout_dev jtag_uart_0 --sopc_system_name soc --quartus_project_dir "/home/alek/aktualne/ps2" --sopcinfo /home/alek/aktualne/ps2/software/exe_bsp/../../soc.sopcinfo
Info: (exe.elf) 12 KBytes program size (code + initialized data).
Info:           19 KBytes free for stack + heap.
Info: Creating exe.objdump
nios2-elf-objdump --disassemble --syms --all-header --source exe.elf >exe.objdump
[exe build complete]

**** Build Finished ****

**** Build of configuration Nios II for project exe ****

make all 
Info: Building ../exe_bsp/
make --no-print-directory -C ../exe_bsp/
[BSP build complete]
Info: Compiling main.c to obj/default/main.o
nios2-elf-gcc -xc -MP -MMD -c -I../exe_bsp//HAL/inc -I../exe_bsp/ -I../exe_bsp//drivers/inc  -DSYSTEM_BUS_WIDTH=32 -pipe -D__hal__ -DALT_NO_C_PLUS_PLUS -DALT_NO_CLEAN_EXIT -DALT_NO_EXIT -DALT_NO_INSTRUCTION_EMULATION -DSMALL_C_LIB -DALT_SINGLE_THREADED    -O0 -g -Wall   -EL -mno-hw-div -mno-hw-mul -mno-hw-mulx  -o obj/default/main.o main.c
Info: Linking exe.elf
nios2-elf-g++  -T'../exe_bsp//linker.x' -msys-crt0='../exe_bsp//obj/HAL/src/crt0.o' -msys-lib=hal_bsp -L../exe_bsp/  -Wl,--defsym,exit=_exit -msmallc  -Wl,-Map=exe.map   -O0 -g -Wall   -EL -mno-hw-div -mno-hw-mul -mno-hw-mulx  -o exe.elf obj/default/main.o -lm 
nios2-elf-insert exe.elf --thread_model hal --cpu_name nios2_qsys_0 --qsys true --simulation_enabled false --stderr_dev jtag_uart_0 --stdin_dev jtag_uart_0 --stdout_dev jtag_uart_0 --sopc_system_name soc --quartus_project_dir "/home/alek/aktualne/ps2" --sopcinfo /home/alek/aktualne/ps2/software/exe_bsp/../../soc.sopcinfo
Info: (exe.elf) 12 KBytes program size (code + initialized data).
Info:           19 KBytes free for stack + heap.
Info: Creating exe.objdump
nios2-elf-objdump --disassemble --syms --all-header --source exe.elf >exe.objdump
[exe build complete]

**** Build Finished ****

**** Build of configuration Nios II for project exe ****

make all 
Info: Building ../exe_bsp/
make --no-print-directory -C ../exe_bsp/
[BSP build complete]
Info: Compiling main.c to obj/default/main.o
nios2-elf-gcc -xc -MP -MMD -c -I../exe_bsp//HAL/inc -I../exe_bsp/ -I../exe_bsp//drivers/inc  -DSYSTEM_BUS_WIDTH=32 -pipe -D__hal__ -DALT_NO_C_PLUS_PLUS -DALT_NO_CLEAN_EXIT -DALT_NO_EXIT -DALT_NO_INSTRUCTION_EMULATION -DSMALL_C_LIB -DALT_SINGLE_THREADED    -O0 -g -Wall   -EL -mno-hw-div -mno-hw-mul -mno-hw-mulx  -o obj/default/main.o main.c
Info: Linking exe.elf
nios2-elf-g++  -T'../exe_bsp//linker.x' -msys-crt0='../exe_bsp//obj/HAL/src/crt0.o' -msys-lib=hal_bsp -L../exe_bsp/  -Wl,--defsym,exit=_exit -msmallc  -Wl,-Map=exe.map   -O0 -g -Wall   -EL -mno-hw-div -mno-hw-mul -mno-hw-mulx  -o exe.elf obj/default/main.o -lm 
nios2-elf-insert exe.elf --thread_model hal --cpu_name nios2_qsys_0 --qsys true --simulation_enabled false --stderr_dev jtag_uart_0 --stdin_dev jtag_uart_0 --stdout_dev jtag_uart_0 --sopc_system_name soc --quartus_project_dir "/home/alek/aktualne/ps2" --sopcinfo /home/alek/aktualne/ps2/software/exe_bsp/../../soc.sopcinfo
Info: (exe.elf) 12 KBytes program size (code + initialized data).
Info:           19 KBytes free for stack + heap.
Info: Creating exe.objdump
nios2-elf-objdump --disassemble --syms --all-header --source exe.elf >exe.objdump
[exe build complete]

**** Build Finished ****

**** Build of configuration Nios II for project exe ****

make all 
Info: Building ../exe_bsp/
make --no-print-directory -C ../exe_bsp/
[BSP build complete]
Info: Compiling main.c to obj/default/main.o
nios2-elf-gcc -xc -MP -MMD -c -I../exe_bsp//HAL/inc -I../exe_bsp/ -I../exe_bsp//drivers/inc  -DSYSTEM_BUS_WIDTH=32 -pipe -D__hal__ -DALT_NO_C_PLUS_PLUS -DALT_NO_CLEAN_EXIT -DALT_NO_EXIT -DALT_NO_INSTRUCTION_EMULATION -DSMALL_C_LIB -DALT_SINGLE_THREADED    -O0 -g -Wall   -EL -mno-hw-div -mno-hw-mul -mno-hw-mulx  -o obj/default/main.o main.c
Info: Linking exe.elf
nios2-elf-g++  -T'../exe_bsp//linker.x' -msys-crt0='../exe_bsp//obj/HAL/src/crt0.o' -msys-lib=hal_bsp -L../exe_bsp/  -Wl,--defsym,exit=_exit -msmallc  -Wl,-Map=exe.map   -O0 -g -Wall   -EL -mno-hw-div -mno-hw-mul -mno-hw-mulx  -o exe.elf obj/default/main.o -lm 
nios2-elf-insert exe.elf --thread_model hal --cpu_name nios2_qsys_0 --qsys true --simulation_enabled false --stderr_dev jtag_uart_0 --stdin_dev jtag_uart_0 --stdout_dev jtag_uart_0 --sopc_system_name soc --quartus_project_dir "/home/alek/aktualne/ps2" --sopcinfo /home/alek/aktualne/ps2/software/exe_bsp/../../soc.sopcinfo
Info: (exe.elf) 12 KBytes program size (code + initialized data).
Info:           19 KBytes free for stack + heap.
Info: Creating exe.objdump
nios2-elf-objdump --disassemble --syms --all-header --source exe.elf >exe.objdump
[exe build complete]

**** Build Finished ****

**** Build of configuration Nios II for project exe ****

make all 
Info: Building ../exe_bsp/
make --no-print-directory -C ../exe_bsp/
[BSP build complete]
Info: Compiling main.c to obj/default/main.o
nios2-elf-gcc -xc -MP -MMD -c -I../exe_bsp//HAL/inc -I../exe_bsp/ -I../exe_bsp//drivers/inc  -DSYSTEM_BUS_WIDTH=32 -pipe -D__hal__ -DALT_NO_C_PLUS_PLUS -DALT_NO_CLEAN_EXIT -DALT_NO_EXIT -DALT_NO_INSTRUCTION_EMULATION -DSMALL_C_LIB -DALT_SINGLE_THREADED    -O0 -g -Wall   -EL -mno-hw-div -mno-hw-mul -mno-hw-mulx  -o obj/default/main.o main.c
main.c: In function 'main':
Info: Linking exe.elf
main.c:14: warning: implicit declaration of function 'IORD_DIRECT'
nios2-elf-g++  -T'../exe_bsp//linker.x' -msys-crt0='../exe_bsp//obj/HAL/src/crt0.o' -msys-lib=hal_bsp -L../exe_bsp/  -Wl,--defsym,exit=_exit -msmallc  -Wl,-Map=exe.map   -O0 -g -Wall   -EL -mno-hw-div -mno-hw-mul -mno-hw-mulx  -o exe.elf obj/default/main.o -lm 
obj/default/main.o: In function `main':
/home/alek/aktualne/ps2/software/exe/main.c:14: undefined reference to `IORD_DIRECT'
collect2: ld returned 1 exit status
make: *** [exe.elf] Error 1

**** Build Finished ****

**** Build of configuration Nios II for project exe ****

make all 
Info: Building ../exe_bsp/
make --no-print-directory -C ../exe_bsp/
[BSP build complete]
Info: Compiling main.c to obj/default/main.o
nios2-elf-gcc -xc -MP -MMD -c -I../exe_bsp//HAL/inc -I../exe_bsp/ -I../exe_bsp//drivers/inc  -DSYSTEM_BUS_WIDTH=32 -pipe -D__hal__ -DALT_NO_C_PLUS_PLUS -DALT_NO_CLEAN_EXIT -DALT_NO_EXIT -DALT_NO_INSTRUCTION_EMULATION -DSMALL_C_LIB -DALT_SINGLE_THREADED    -O0 -g -Wall   -EL -mno-hw-div -mno-hw-mul -mno-hw-mulx  -o obj/default/main.o main.c
Info: Linking exe.elf
nios2-elf-g++  -T'../exe_bsp//linker.x' -msys-crt0='../exe_bsp//obj/HAL/src/crt0.o' -msys-lib=hal_bsp -L../exe_bsp/  -Wl,--defsym,exit=_exit -msmallc  -Wl,-Map=exe.map   -O0 -g -Wall   -EL -mno-hw-div -mno-hw-mul -mno-hw-mulx  -o exe.elf obj/default/main.o -lm 
nios2-elf-insert exe.elf --thread_model hal --cpu_name nios2_qsys_0 --qsys true --simulation_enabled false --stderr_dev jtag_uart_0 --stdin_dev jtag_uart_0 --stdout_dev jtag_uart_0 --sopc_system_name soc --quartus_project_dir "/home/alek/aktualne/ps2" --sopcinfo /home/alek/aktualne/ps2/software/exe_bsp/../../soc.sopcinfo
Info: (exe.elf) 12 KBytes program size (code + initialized data).
Info:           19 KBytes free for stack + heap.
Info: Creating exe.objdump
nios2-elf-objdump --disassemble --syms --all-header --source exe.elf >exe.objdump
[exe build complete]

**** Build Finished ****

**** Build of configuration Nios II for project exe ****

make all 
Info: Building ../exe_bsp/
make --no-print-directory -C ../exe_bsp/
[BSP build complete]
Info: Compiling main.c to obj/default/main.o
nios2-elf-gcc -xc -MP -MMD -c -I../exe_bsp//HAL/inc -I../exe_bsp/ -I../exe_bsp//drivers/inc  -DSYSTEM_BUS_WIDTH=32 -pipe -D__hal__ -DALT_NO_C_PLUS_PLUS -DALT_NO_CLEAN_EXIT -DALT_NO_EXIT -DALT_NO_INSTRUCTION_EMULATION -DSMALL_C_LIB -DALT_SINGLE_THREADED    -O0 -g -Wall   -EL -mno-hw-div -mno-hw-mul -mno-hw-mulx  -o obj/default/main.o main.c
Info: Linking exe.elf
nios2-elf-g++  -T'../exe_bsp//linker.x' -msys-crt0='../exe_bsp//obj/HAL/src/crt0.o' -msys-lib=hal_bsp -L../exe_bsp/  -Wl,--defsym,exit=_exit -msmallc  -Wl,-Map=exe.map   -O0 -g -Wall   -EL -mno-hw-div -mno-hw-mul -mno-hw-mulx  -o exe.elf obj/default/main.o -lm 
nios2-elf-insert exe.elf --thread_model hal --cpu_name nios2_qsys_0 --qsys true --simulation_enabled false --stderr_dev jtag_uart_0 --stdin_dev jtag_uart_0 --stdout_dev jtag_uart_0 --sopc_system_name soc --quartus_project_dir "/home/alek/aktualne/ps2" --sopcinfo /home/alek/aktualne/ps2/software/exe_bsp/../../soc.sopcinfo
Info: (exe.elf) 12 KBytes program size (code + initialized data).
Info:           19 KBytes free for stack + heap.
Info: Creating exe.objdump
nios2-elf-objdump --disassemble --syms --all-header --source exe.elf >exe.objdump
[exe build complete]

**** Build Finished ****

**** Build of configuration Nios II for project exe ****

make all 
Info: Building ../exe_bsp/
make --no-print-directory -C ../exe_bsp/
[BSP build complete]
Info: Compiling main.c to obj/default/main.o
nios2-elf-gcc -xc -MP -MMD -c -I../exe_bsp//HAL/inc -I../exe_bsp/ -I../exe_bsp//drivers/inc  -DSYSTEM_BUS_WIDTH=32 -pipe -D__hal__ -DALT_NO_C_PLUS_PLUS -DALT_NO_CLEAN_EXIT -DALT_NO_EXIT -DALT_NO_INSTRUCTION_EMULATION -DSMALL_C_LIB -DALT_SINGLE_THREADED    -O0 -g -Wall   -EL -mno-hw-div -mno-hw-mul -mno-hw-mulx  -o obj/default/main.o main.c
Info: Linking exe.elf
nios2-elf-g++  -T'../exe_bsp//linker.x' -msys-crt0='../exe_bsp//obj/HAL/src/crt0.o' -msys-lib=hal_bsp -L../exe_bsp/  -Wl,--defsym,exit=_exit -msmallc  -Wl,-Map=exe.map   -O0 -g -Wall   -EL -mno-hw-div -mno-hw-mul -mno-hw-mulx  -o exe.elf obj/default/main.o -lm 
nios2-elf-insert exe.elf --thread_model hal --cpu_name nios2_qsys_0 --qsys true --simulation_enabled false --stderr_dev jtag_uart_0 --stdin_dev jtag_uart_0 --stdout_dev jtag_uart_0 --sopc_system_name soc --quartus_project_dir "/home/alek/aktualne/ps2" --sopcinfo /home/alek/aktualne/ps2/software/exe_bsp/../../soc.sopcinfo
Info: (exe.elf) 12 KBytes program size (code + initialized data).
Info:           19 KBytes free for stack + heap.
Info: Creating exe.objdump
nios2-elf-objdump --disassemble --syms --all-header --source exe.elf >exe.objdump
[exe build complete]

**** Build Finished ****

**** Build of configuration Nios II for project exe ****

make all 
Info: Building ../exe_bsp/
make --no-print-directory -C ../exe_bsp/
[BSP build complete]
Info: Compiling main.c to obj/default/main.o
nios2-elf-gcc -xc -MP -MMD -c -I../exe_bsp//HAL/inc -I../exe_bsp/ -I../exe_bsp//drivers/inc  -DSYSTEM_BUS_WIDTH=32 -pipe -D__hal__ -DALT_NO_C_PLUS_PLUS -DALT_NO_CLEAN_EXIT -DALT_NO_EXIT -DALT_NO_INSTRUCTION_EMULATION -DSMALL_C_LIB -DALT_SINGLE_THREADED    -O0 -g -Wall   -EL -mno-hw-div -mno-hw-mul -mno-hw-mulx  -o obj/default/main.o main.c
Info: Linking exe.elf
nios2-elf-g++  -T'../exe_bsp//linker.x' -msys-crt0='../exe_bsp//obj/HAL/src/crt0.o' -msys-lib=hal_bsp -L../exe_bsp/  -Wl,--defsym,exit=_exit -msmallc  -Wl,-Map=exe.map   -O0 -g -Wall   -EL -mno-hw-div -mno-hw-mul -mno-hw-mulx  -o exe.elf obj/default/main.o -lm 
nios2-elf-insert exe.elf --thread_model hal --cpu_name nios2_qsys_0 --qsys true --simulation_enabled false --stderr_dev jtag_uart_0 --stdin_dev jtag_uart_0 --stdout_dev jtag_uart_0 --sopc_system_name soc --quartus_project_dir "/home/alek/aktualne/ps2" --sopcinfo /home/alek/aktualne/ps2/software/exe_bsp/../../soc.sopcinfo
Info: (exe.elf) 12 KBytes program size (code + initialized data).
Info:           19 KBytes free for stack + heap.
Info: Creating exe.objdump
nios2-elf-objdump --disassemble --syms --all-header --source exe.elf >exe.objdump
[exe build complete]

**** Build Finished ****

**** Build of configuration Nios II for project exe ****

make all 
Info: Building ../exe_bsp/
make --no-print-directory -C ../exe_bsp/
[BSP build complete]
Info: Compiling main.c to obj/default/main.o
nios2-elf-gcc -xc -MP -MMD -c -I../exe_bsp//HAL/inc -I../exe_bsp/ -I../exe_bsp//drivers/inc  -DSYSTEM_BUS_WIDTH=32 -pipe -D__hal__ -DALT_NO_C_PLUS_PLUS -DALT_NO_CLEAN_EXIT -DALT_NO_EXIT -DALT_NO_INSTRUCTION_EMULATION -DSMALL_C_LIB -DALT_SINGLE_THREADED    -O0 -g -Wall   -EL -mno-hw-div -mno-hw-mul -mno-hw-mulx  -o obj/default/main.o main.c
Info: Linking exe.elf
nios2-elf-g++  -T'../exe_bsp//linker.x' -msys-crt0='../exe_bsp//obj/HAL/src/crt0.o' -msys-lib=hal_bsp -L../exe_bsp/  -Wl,--defsym,exit=_exit -msmallc  -Wl,-Map=exe.map   -O0 -g -Wall   -EL -mno-hw-div -mno-hw-mul -mno-hw-mulx  -o exe.elf obj/default/main.o -lm 
nios2-elf-insert exe.elf --thread_model hal --cpu_name nios2_qsys_0 --qsys true --simulation_enabled false --stderr_dev jtag_uart_0 --stdin_dev jtag_uart_0 --stdout_dev jtag_uart_0 --sopc_system_name soc --quartus_project_dir "/home/alek/aktualne/ps2" --sopcinfo /home/alek/aktualne/ps2/software/exe_bsp/../../soc.sopcinfo
Info: (exe.elf) 12 KBytes program size (code + initialized data).
Info:           19 KBytes free for stack + heap.
Info: Creating exe.objdump
nios2-elf-objdump --disassemble --syms --all-header --source exe.elf >exe.objdump
[exe build complete]

**** Build Finished ****

**** Build of configuration Nios II for project exe ****

make all 
Info: Building ../exe_bsp/
make --no-print-directory -C ../exe_bsp/
[BSP build complete]
[exe build complete]

**** Build Finished ****

**** Build of configuration Nios II for project exe ****

make all 
Info: Building ../exe_bsp/
make --no-print-directory -C ../exe_bsp/
[BSP build complete]
Info: Compiling main.c to obj/default/main.o
nios2-elf-gcc -xc -MP -MMD -c -I../exe_bsp//HAL/inc -I../exe_bsp/ -I../exe_bsp//drivers/inc  -DSYSTEM_BUS_WIDTH=32 -pipe -D__hal__ -DALT_NO_C_PLUS_PLUS -DALT_NO_CLEAN_EXIT -DALT_NO_EXIT -DALT_NO_INSTRUCTION_EMULATION -DSMALL_C_LIB -DALT_SINGLE_THREADED    -O0 -g -Wall   -EL -mno-hw-div -mno-hw-mul -mno-hw-mulx  -o obj/default/main.o main.c
main.c: In function 'main':
main.c:9: warning: unused variable 'impl'
Info: Linking exe.elf
nios2-elf-g++  -T'../exe_bsp//linker.x' -msys-crt0='../exe_bsp//obj/HAL/src/crt0.o' -msys-lib=hal_bsp -L../exe_bsp/  -Wl,--defsym,exit=_exit -msmallc  -Wl,-Map=exe.map   -O0 -g -Wall   -EL -mno-hw-div -mno-hw-mul -mno-hw-mulx  -o exe.elf obj/default/main.o -lm 
nios2-elf-insert exe.elf --thread_model hal --cpu_name nios2_qsys_0 --qsys true --simulation_enabled false --stderr_dev jtag_uart_0 --stdin_dev jtag_uart_0 --stdout_dev jtag_uart_0 --sopc_system_name soc --quartus_project_dir "/home/alek/aktualne/ps2" --sopcinfo /home/alek/aktualne/ps2/software/exe_bsp/../../soc.sopcinfo
Info: (exe.elf) 12 KBytes program size (code + initialized data).
Info:           19 KBytes free for stack + heap.
Info: Creating exe.objdump
nios2-elf-objdump --disassemble --syms --all-header --source exe.elf >exe.objdump
[exe build complete]

**** Build Finished ****

**** Build of configuration Nios II for project exe ****

make all 
Info: Building ../exe_bsp/
make --no-print-directory -C ../exe_bsp/
[BSP build complete]
Info: Compiling main.c to obj/default/main.o
nios2-elf-gcc -xc -MP -MMD -c -I../exe_bsp//HAL/inc -I../exe_bsp/ -I../exe_bsp//drivers/inc  -DSYSTEM_BUS_WIDTH=32 -pipe -D__hal__ -DALT_NO_C_PLUS_PLUS -DALT_NO_CLEAN_EXIT -DALT_NO_EXIT -DALT_NO_INSTRUCTION_EMULATION -DSMALL_C_LIB -DALT_SINGLE_THREADED    -O0 -g -Wall   -EL -mno-hw-div -mno-hw-mul -mno-hw-mulx  -o obj/default/main.o main.c
main.c: In function 'main':
Info: Linking exe.elf
main.c:9: warning: unused variable 'impl'
nios2-elf-g++  -T'../exe_bsp//linker.x' -msys-crt0='../exe_bsp//obj/HAL/src/crt0.o' -msys-lib=hal_bsp -L../exe_bsp/  -Wl,--defsym,exit=_exit -msmallc  -Wl,-Map=exe.map   -O0 -g -Wall   -EL -mno-hw-div -mno-hw-mul -mno-hw-mulx  -o exe.elf obj/default/main.o -lm 
nios2-elf-insert exe.elf --thread_model hal --cpu_name nios2_qsys_0 --qsys true --simulation_enabled false --stderr_dev jtag_uart_0 --stdin_dev jtag_uart_0 --stdout_dev jtag_uart_0 --sopc_system_name soc --quartus_project_dir "/home/alek/aktualne/ps2" --sopcinfo /home/alek/aktualne/ps2/software/exe_bsp/../../soc.sopcinfo
Info: (exe.elf) 12 KBytes program size (code + initialized data).
Info:           19 KBytes free for stack + heap.
Info: Creating exe.objdump
nios2-elf-objdump --disassemble --syms --all-header --source exe.elf >exe.objdump
[exe build complete]

**** Build Finished ****

**** Build of configuration Nios II for project exe ****

make all 
Info: Building ../exe_bsp/
make --no-print-directory -C ../exe_bsp/
[BSP build complete]
[exe build complete]

**** Build Finished ****

**** Build of configuration Nios II for project exe ****

make all 
Info: Building ../exe_bsp/
make --no-print-directory -C ../exe_bsp/
[BSP build complete]
Info: Compiling main.c to obj/default/main.o
nios2-elf-gcc -xc -MP -MMD -c -I../exe_bsp//HAL/inc -I../exe_bsp/ -I../exe_bsp//drivers/inc  -DSYSTEM_BUS_WIDTH=32 -pipe -D__hal__ -DALT_NO_C_PLUS_PLUS -DALT_NO_CLEAN_EXIT -DALT_NO_EXIT -DALT_NO_INSTRUCTION_EMULATION -DSMALL_C_LIB -DALT_SINGLE_THREADED    -O0 -g -Wall   -EL -mno-hw-div -mno-hw-mul -mno-hw-mulx  -o obj/default/main.o main.c
main.c: In function 'main':
Info: Linking exe.elf
main.c:9: warning: unused variable 'impl'
nios2-elf-g++  -T'../exe_bsp//linker.x' -msys-crt0='../exe_bsp//obj/HAL/src/crt0.o' -msys-lib=hal_bsp -L../exe_bsp/  -Wl,--defsym,exit=_exit -msmallc  -Wl,-Map=exe.map   -O0 -g -Wall   -EL -mno-hw-div -mno-hw-mul -mno-hw-mulx  -o exe.elf obj/default/main.o -lm 
nios2-elf-insert exe.elf --thread_model hal --cpu_name nios2_qsys_0 --qsys true --simulation_enabled false --stderr_dev jtag_uart_0 --stdin_dev jtag_uart_0 --stdout_dev jtag_uart_0 --sopc_system_name soc --quartus_project_dir "/home/alek/aktualne/ps2" --sopcinfo /home/alek/aktualne/ps2/software/exe_bsp/../../soc.sopcinfo
Info: (exe.elf) 12 KBytes program size (code + initialized data).
Info:           19 KBytes free for stack + heap.
Info: Creating exe.objdump
nios2-elf-objdump --disassemble --syms --all-header --source exe.elf >exe.objdump
[exe build complete]

**** Build Finished ****

**** Build of configuration Nios II for project exe ****

make all 
Info: Building ../exe_bsp/
make --no-print-directory -C ../exe_bsp/
[BSP build complete]
Info: Compiling main.c to obj/default/main.o
nios2-elf-gcc -xc -MP -MMD -c -I../exe_bsp//HAL/inc -I../exe_bsp/ -I../exe_bsp//drivers/inc  -DSYSTEM_BUS_WIDTH=32 -pipe -D__hal__ -DALT_NO_C_PLUS_PLUS -DALT_NO_CLEAN_EXIT -DALT_NO_EXIT -DALT_NO_INSTRUCTION_EMULATION -DSMALL_C_LIB -DALT_SINGLE_THREADED    -O0 -g -Wall   -EL -mno-hw-div -mno-hw-mul -mno-hw-mulx  -o obj/default/main.o main.c
main.c: In function 'main':
Info: Linking exe.elf
main.c:9: warning: unused variable 'impl'
nios2-elf-g++  -T'../exe_bsp//linker.x' -msys-crt0='../exe_bsp//obj/HAL/src/crt0.o' -msys-lib=hal_bsp -L../exe_bsp/  -Wl,--defsym,exit=_exit -msmallc  -Wl,-Map=exe.map   -O0 -g -Wall   -EL -mno-hw-div -mno-hw-mul -mno-hw-mulx  -o exe.elf obj/default/main.o -lm 
nios2-elf-insert exe.elf --thread_model hal --cpu_name nios2_qsys_0 --qsys true --simulation_enabled false --stderr_dev jtag_uart_0 --stdin_dev jtag_uart_0 --stdout_dev jtag_uart_0 --sopc_system_name soc --quartus_project_dir "/home/alek/aktualne/ps2" --sopcinfo /home/alek/aktualne/ps2/software/exe_bsp/../../soc.sopcinfo
Info: (exe.elf) 12 KBytes program size (code + initialized data).
Info:           19 KBytes free for stack + heap.
Info: Creating exe.objdump
nios2-elf-objdump --disassemble --syms --all-header --source exe.elf >exe.objdump
[exe build complete]

**** Build Finished ****

**** Build of configuration Nios II for project exe ****

make all 
Info: Building ../exe_bsp/
make --no-print-directory -C ../exe_bsp/
[BSP build complete]
[exe build complete]

**** Build Finished ****

**** Build of configuration Nios II for project exe ****

make all 
Info: Building ../exe_bsp/
make --no-print-directory -C ../exe_bsp/
[BSP build complete]
[exe build complete]

**** Build Finished ****

**** Build of configuration Nios II for project exe ****

make all 
Info: Building ../exe_bsp/
make --no-print-directory -C ../exe_bsp/
[BSP build complete]
[exe build complete]

**** Build Finished ****

**** Build of configuration Nios II for project exe ****

make all 
Info: Building ../exe_bsp/
make --no-print-directory -C ../exe_bsp/
[BSP build complete]
[exe build complete]

**** Build Finished ****

**** Build of configuration Nios II for project exe ****

make all 
Info: Building ../exe_bsp/
make --no-print-directory -C ../exe_bsp/
[BSP build complete]
[exe build complete]

**** Build Finished ****

**** Build of configuration Nios II for project exe ****

make all 
Info: Building ../exe_bsp/
make --no-print-directory -C ../exe_bsp/
[BSP build complete]
[exe build complete]

**** Build Finished ****

**** Build of configuration Nios II for project exe ****

make all 
Info: Building ../exe_bsp/
make --no-print-directory -C ../exe_bsp/
[BSP build complete]
[exe build complete]

**** Build Finished ****

**** Build of configuration Nios II for project exe ****

make all 
Info: Building ../exe_bsp/
make --no-print-directory -C ../exe_bsp/
[BSP build complete]
[exe build complete]

**** Build Finished ****

**** Build of configuration Nios II for project exe ****

make all 
Info: Building ../exe_bsp/
make --no-print-directory -C ../exe_bsp/
[BSP build complete]
[exe build complete]

**** Build Finished ****

**** Build of configuration Nios II for project exe ****

make all 
Info: Building ../exe_bsp/
make --no-print-directory -C ../exe_bsp/
[BSP build complete]
[exe build complete]

**** Build Finished ****

**** Build of configuration Nios II for project exe ****

make all 
Info: Building ../exe_bsp/
make --no-print-directory -C ../exe_bsp/
[BSP build complete]
Info: Compiling main.c to obj/default/main.o
nios2-elf-gcc -xc -MP -MMD -c -I../exe_bsp//HAL/inc -I../exe_bsp/ -I../exe_bsp//drivers/inc  -DSYSTEM_BUS_WIDTH=32 -pipe -D__hal__ -DALT_NO_C_PLUS_PLUS -DALT_NO_CLEAN_EXIT -DALT_NO_EXIT -DALT_NO_INSTRUCTION_EMULATION -DSMALL_C_LIB -DALT_SINGLE_THREADED    -O0 -g -Wall   -EL -mno-hw-div -mno-hw-mul -mno-hw-mulx  -o obj/default/main.o main.c
main.c: In function 'main':
Info: Linking exe.elf
main.c:9: warning: unused variable 'impl'
nios2-elf-g++  -T'../exe_bsp//linker.x' -msys-crt0='../exe_bsp//obj/HAL/src/crt0.o' -msys-lib=hal_bsp -L../exe_bsp/  -Wl,--defsym,exit=_exit -msmallc  -Wl,-Map=exe.map   -O0 -g -Wall   -EL -mno-hw-div -mno-hw-mul -mno-hw-mulx  -o exe.elf obj/default/main.o -lm 
nios2-elf-insert exe.elf --thread_model hal --cpu_name nios2_qsys_0 --qsys true --simulation_enabled false --stderr_dev jtag_uart_0 --stdin_dev jtag_uart_0 --stdout_dev jtag_uart_0 --sopc_system_name soc --quartus_project_dir "/home/alek/aktualne/ps2" --sopcinfo /home/alek/aktualne/ps2/software/exe_bsp/../../soc.sopcinfo
Info: (exe.elf) 12 KBytes program size (code + initialized data).
Info:           19 KBytes free for stack + heap.
Info: Creating exe.objdump
nios2-elf-objdump --disassemble --syms --all-header --source exe.elf >exe.objdump
[exe build complete]

**** Build Finished ****

**** Build of configuration Nios II for project exe ****

make all 
Info: Building ../exe_bsp/
make --no-print-directory -C ../exe_bsp/
[BSP build complete]
[exe build complete]

**** Build Finished ****

**** Build of configuration Nios II for project exe ****

make all 
Info: Building ../exe_bsp/
make --no-print-directory -C ../exe_bsp/
[BSP build complete]
[exe build complete]

**** Build Finished ****

**** Build of configuration Nios II for project exe ****

make all 
Info: Building ../exe_bsp/
make --no-print-directory -C ../exe_bsp/
[BSP build complete]
Info: Compiling main.c to obj/default/main.o
nios2-elf-gcc -xc -MP -MMD -c -I../exe_bsp//HAL/inc -I../exe_bsp/ -I../exe_bsp//drivers/inc  -DSYSTEM_BUS_WIDTH=32 -pipe -D__hal__ -DALT_NO_C_PLUS_PLUS -DALT_NO_CLEAN_EXIT -DALT_NO_EXIT -DALT_NO_INSTRUCTION_EMULATION -DSMALL_C_LIB -DALT_SINGLE_THREADED    -O0 -g -Wall   -EL -mno-hw-div -mno-hw-mul -mno-hw-mulx  -o obj/default/main.o main.c
main.c: In function 'main':
Info: Linking exe.elf
main.c:9: warning: unused variable 'impl'
nios2-elf-g++  -T'../exe_bsp//linker.x' -msys-crt0='../exe_bsp//obj/HAL/src/crt0.o' -msys-lib=hal_bsp -L../exe_bsp/  -Wl,--defsym,exit=_exit -msmallc  -Wl,-Map=exe.map   -O0 -g -Wall   -EL -mno-hw-div -mno-hw-mul -mno-hw-mulx  -o exe.elf obj/default/main.o -lm 
nios2-elf-insert exe.elf --thread_model hal --cpu_name nios2_qsys_0 --qsys true --simulation_enabled false --stderr_dev jtag_uart_0 --stdin_dev jtag_uart_0 --stdout_dev jtag_uart_0 --sopc_system_name soc --quartus_project_dir "/home/alek/aktualne/ps2" --sopcinfo /home/alek/aktualne/ps2/software/exe_bsp/../../soc.sopcinfo
Info: (exe.elf) 12 KBytes program size (code + initialized data).
Info:           19 KBytes free for stack + heap.
Info: Creating exe.objdump
nios2-elf-objdump --disassemble --syms --all-header --source exe.elf >exe.objdump
[exe build complete]

**** Build Finished ****

**** Build of configuration Nios II for project exe ****

make all 
Info: Building ../exe_bsp/
make --no-print-directory -C ../exe_bsp/
[BSP build complete]
[exe build complete]

**** Build Finished ****

**** Build of configuration Nios II for project exe ****

make all 
Info: Building ../exe_bsp/
make --no-print-directory -C ../exe_bsp/
[BSP build complete]
[exe build complete]

**** Build Finished ****

**** Build of configuration Nios II for project exe ****

make all 
Info: Building ../exe_bsp/
make --no-print-directory -C ../exe_bsp/
[BSP build complete]
[exe build complete]

**** Build Finished ****

**** Build of configuration Nios II for project exe ****

make all 
Info: Building ../exe_bsp/
make --no-print-directory -C ../exe_bsp/
[BSP build complete]
[exe build complete]

**** Build Finished ****

**** Build of configuration Nios II for project exe ****

make all 
Info: Building ../exe_bsp/
make --no-print-directory -C ../exe_bsp/
[BSP build complete]
Info: Compiling main.c to obj/default/main.o
nios2-elf-gcc -xc -MP -MMD -c -I../exe_bsp//HAL/inc -I../exe_bsp/ -I../exe_bsp//drivers/inc  -DSYSTEM_BUS_WIDTH=32 -pipe -D__hal__ -DALT_NO_C_PLUS_PLUS -DALT_NO_CLEAN_EXIT -DALT_NO_EXIT -DALT_NO_INSTRUCTION_EMULATION -DSMALL_C_LIB -DALT_SINGLE_THREADED    -O0 -g -Wall   -EL -mno-hw-div -mno-hw-mul -mno-hw-mulx  -o obj/default/main.o main.c
main.c: In function 'main':
main.c:13: warning: unused variable 'impl'
Info: Linking exe.elf
nios2-elf-g++  -T'../exe_bsp//linker.x' -msys-crt0='../exe_bsp//obj/HAL/src/crt0.o' -msys-lib=hal_bsp -L../exe_bsp/  -Wl,--defsym,exit=_exit -msmallc  -Wl,-Map=exe.map   -O0 -g -Wall   -EL -mno-hw-div -mno-hw-mul -mno-hw-mulx  -o exe.elf obj/default/main.o -lm 
nios2-elf-insert exe.elf --thread_model hal --cpu_name nios2_qsys_0 --qsys true --simulation_enabled false --stderr_dev jtag_uart_0 --stdin_dev jtag_uart_0 --stdout_dev jtag_uart_0 --sopc_system_name soc --quartus_project_dir "/home/alek/aktualne/ps2" --sopcinfo /home/alek/aktualne/ps2/software/exe_bsp/../../soc.sopcinfo
Info: (exe.elf) 12 KBytes program size (code + initialized data).
Info:           19 KBytes free for stack + heap.
Info: Creating exe.objdump
nios2-elf-objdump --disassemble --syms --all-header --source exe.elf >exe.objdump
[exe build complete]

**** Build Finished ****

**** Build of configuration Nios II for project exe ****

make all 
Info: Building ../exe_bsp/
make --no-print-directory -C ../exe_bsp/
[BSP build complete]
Info: Compiling main.c to obj/default/main.o
nios2-elf-gcc -xc -MP -MMD -c -I../exe_bsp//HAL/inc -I../exe_bsp/ -I../exe_bsp//drivers/inc  -DSYSTEM_BUS_WIDTH=32 -pipe -D__hal__ -DALT_NO_C_PLUS_PLUS -DALT_NO_CLEAN_EXIT -DALT_NO_EXIT -DALT_NO_INSTRUCTION_EMULATION -DSMALL_C_LIB -DALT_SINGLE_THREADED    -O0 -g -Wall   -EL -mno-hw-div -mno-hw-mul -mno-hw-mulx  -o obj/default/main.o main.c
main.c: In function 'main':
Info: Linking exe.elf
main.c:15: warning: unused variable 'impl'
nios2-elf-g++  -T'../exe_bsp//linker.x' -msys-crt0='../exe_bsp//obj/HAL/src/crt0.o' -msys-lib=hal_bsp -L../exe_bsp/  -Wl,--defsym,exit=_exit -msmallc  -Wl,-Map=exe.map   -O0 -g -Wall   -EL -mno-hw-div -mno-hw-mul -mno-hw-mulx  -o exe.elf obj/default/main.o -lm 
nios2-elf-insert exe.elf --thread_model hal --cpu_name nios2_qsys_0 --qsys true --simulation_enabled false --stderr_dev jtag_uart_0 --stdin_dev jtag_uart_0 --stdout_dev jtag_uart_0 --sopc_system_name soc --quartus_project_dir "/home/alek/aktualne/ps2" --sopcinfo /home/alek/aktualne/ps2/software/exe_bsp/../../soc.sopcinfo
Info: (exe.elf) 12 KBytes program size (code + initialized data).
Info:           19 KBytes free for stack + heap.
Info: Creating exe.objdump
nios2-elf-objdump --disassemble --syms --all-header --source exe.elf >exe.objdump
[exe build complete]

**** Build Finished ****

**** Build of configuration Nios II for project exe ****

make all 
Info: Building ../exe_bsp/
make --no-print-directory -C ../exe_bsp/
[BSP build complete]
Info: Compiling main.c to obj/default/main.o
nios2-elf-gcc -xc -MP -MMD -c -I../exe_bsp//HAL/inc -I../exe_bsp/ -I../exe_bsp//drivers/inc  -DSYSTEM_BUS_WIDTH=32 -pipe -D__hal__ -DALT_NO_C_PLUS_PLUS -DALT_NO_CLEAN_EXIT -DALT_NO_EXIT -DALT_NO_INSTRUCTION_EMULATION -DSMALL_C_LIB -DALT_SINGLE_THREADED    -O0 -g -Wall   -EL -mno-hw-div -mno-hw-mul -mno-hw-mulx  -o obj/default/main.o main.c
main.c: In function 'main':
Info: Linking exe.elf
main.c:15: warning: unused variable 'impl'
nios2-elf-g++  -T'../exe_bsp//linker.x' -msys-crt0='../exe_bsp//obj/HAL/src/crt0.o' -msys-lib=hal_bsp -L../exe_bsp/  -Wl,--defsym,exit=_exit -msmallc  -Wl,-Map=exe.map   -O0 -g -Wall   -EL -mno-hw-div -mno-hw-mul -mno-hw-mulx  -o exe.elf obj/default/main.o -lm 
nios2-elf-insert exe.elf --thread_model hal --cpu_name nios2_qsys_0 --qsys true --simulation_enabled false --stderr_dev jtag_uart_0 --stdin_dev jtag_uart_0 --stdout_dev jtag_uart_0 --sopc_system_name soc --quartus_project_dir "/home/alek/aktualne/ps2" --sopcinfo /home/alek/aktualne/ps2/software/exe_bsp/../../soc.sopcinfo
Info: (exe.elf) 12 KBytes program size (code + initialized data).
Info:           19 KBytes free for stack + heap.
Info: Creating exe.objdump
nios2-elf-objdump --disassemble --syms --all-header --source exe.elf >exe.objdump
[exe build complete]

**** Build Finished ****

**** Build of configuration Nios II for project exe ****

make all 
Info: Building ../exe_bsp/
make --no-print-directory -C ../exe_bsp/
[BSP build complete]
Info: Compiling main.c to obj/default/main.o
nios2-elf-gcc -xc -MP -MMD -c -I../exe_bsp//HAL/inc -I../exe_bsp/ -I../exe_bsp//drivers/inc  -DSYSTEM_BUS_WIDTH=32 -pipe -D__hal__ -DALT_NO_C_PLUS_PLUS -DALT_NO_CLEAN_EXIT -DALT_NO_EXIT -DALT_NO_INSTRUCTION_EMULATION -DSMALL_C_LIB -DALT_SINGLE_THREADED    -O0 -g -Wall   -EL -mno-hw-div -mno-hw-mul -mno-hw-mulx  -o obj/default/main.o main.c
main.c: In function 'main':
Info: Linking exe.elf
main.c:15: warning: unused variable 'impl'
nios2-elf-g++  -T'../exe_bsp//linker.x' -msys-crt0='../exe_bsp//obj/HAL/src/crt0.o' -msys-lib=hal_bsp -L../exe_bsp/  -Wl,--defsym,exit=_exit -msmallc  -Wl,-Map=exe.map   -O0 -g -Wall   -EL -mno-hw-div -mno-hw-mul -mno-hw-mulx  -o exe.elf obj/default/main.o -lm 
nios2-elf-insert exe.elf --thread_model hal --cpu_name nios2_qsys_0 --qsys true --simulation_enabled false --stderr_dev jtag_uart_0 --stdin_dev jtag_uart_0 --stdout_dev jtag_uart_0 --sopc_system_name soc --quartus_project_dir "/home/alek/aktualne/ps2" --sopcinfo /home/alek/aktualne/ps2/software/exe_bsp/../../soc.sopcinfo
Info: (exe.elf) 12 KBytes program size (code + initialized data).
Info:           19 KBytes free for stack + heap.
Info: Creating exe.objdump
nios2-elf-objdump --disassemble --syms --all-header --source exe.elf >exe.objdump
[exe build complete]

**** Build Finished ****

**** Build of configuration Nios II for project exe ****

make all 
Info: Building ../exe_bsp/
make --no-print-directory -C ../exe_bsp/
[BSP build complete]
Info: Compiling main.c to obj/default/main.o
nios2-elf-gcc -xc -MP -MMD -c -I../exe_bsp//HAL/inc -I../exe_bsp/ -I../exe_bsp//drivers/inc  -DSYSTEM_BUS_WIDTH=32 -pipe -D__hal__ -DALT_NO_C_PLUS_PLUS -DALT_NO_CLEAN_EXIT -DALT_NO_EXIT -DALT_NO_INSTRUCTION_EMULATION -DSMALL_C_LIB -DALT_SINGLE_THREADED    -O0 -g -Wall   -EL -mno-hw-div -mno-hw-mul -mno-hw-mulx  -o obj/default/main.o main.c
main.c: In function 'main':
Info: Linking exe.elf
main.c:15: warning: unused variable 'impl'
nios2-elf-g++  -T'../exe_bsp//linker.x' -msys-crt0='../exe_bsp//obj/HAL/src/crt0.o' -msys-lib=hal_bsp -L../exe_bsp/  -Wl,--defsym,exit=_exit -msmallc  -Wl,-Map=exe.map   -O0 -g -Wall   -EL -mno-hw-div -mno-hw-mul -mno-hw-mulx  -o exe.elf obj/default/main.o -lm 
nios2-elf-insert exe.elf --thread_model hal --cpu_name nios2_qsys_0 --qsys true --simulation_enabled false --stderr_dev jtag_uart_0 --stdin_dev jtag_uart_0 --stdout_dev jtag_uart_0 --sopc_system_name soc --quartus_project_dir "/home/alek/aktualne/ps2" --sopcinfo /home/alek/aktualne/ps2/software/exe_bsp/../../soc.sopcinfo
Info: (exe.elf) 12 KBytes program size (code + initialized data).
Info:           19 KBytes free for stack + heap.
Info: Creating exe.objdump
nios2-elf-objdump --disassemble --syms --all-header --source exe.elf >exe.objdump
[exe build complete]

**** Build Finished ****

**** Build of configuration Nios II for project exe ****

make all 
Info: Building ../exe_bsp/
make --no-print-directory -C ../exe_bsp/
[BSP build complete]
Info: Compiling main.c to obj/default/main.o
nios2-elf-gcc -xc -MP -MMD -c -I../exe_bsp//HAL/inc -I../exe_bsp/ -I../exe_bsp//drivers/inc  -DSYSTEM_BUS_WIDTH=32 -pipe -D__hal__ -DALT_NO_C_PLUS_PLUS -DALT_NO_CLEAN_EXIT -DALT_NO_EXIT -DALT_NO_INSTRUCTION_EMULATION -DSMALL_C_LIB -DALT_SINGLE_THREADED    -O0 -g -Wall   -EL -mno-hw-div -mno-hw-mul -mno-hw-mulx  -o obj/default/main.o main.c
main.c: In function 'main':
Info: Linking exe.elf
main.c:17: warning: unused variable 'impl'
nios2-elf-g++  -T'../exe_bsp//linker.x' -msys-crt0='../exe_bsp//obj/HAL/src/crt0.o' -msys-lib=hal_bsp -L../exe_bsp/  -Wl,--defsym,exit=_exit -msmallc  -Wl,-Map=exe.map   -O0 -g -Wall   -EL -mno-hw-div -mno-hw-mul -mno-hw-mulx  -o exe.elf obj/default/main.o -lm 
nios2-elf-insert exe.elf --thread_model hal --cpu_name nios2_qsys_0 --qsys true --simulation_enabled false --stderr_dev jtag_uart_0 --stdin_dev jtag_uart_0 --stdout_dev jtag_uart_0 --sopc_system_name soc --quartus_project_dir "/home/alek/aktualne/ps2" --sopcinfo /home/alek/aktualne/ps2/software/exe_bsp/../../soc.sopcinfo
Info: (exe.elf) 12 KBytes program size (code + initialized data).
Info:           19 KBytes free for stack + heap.
Info: Creating exe.objdump
nios2-elf-objdump --disassemble --syms --all-header --source exe.elf >exe.objdump
[exe build complete]

**** Build Finished ****

**** Build of configuration Nios II for project exe ****

make all 
Info: Building ../exe_bsp/
make --no-print-directory -C ../exe_bsp/
[BSP build complete]
[exe build complete]

**** Build Finished ****

**** Build of configuration Nios II for project exe ****

make all 
Info: Building ../exe_bsp/
make --no-print-directory -C ../exe_bsp/
[BSP build complete]
[exe build complete]

**** Build Finished ****

**** Build of configuration Nios II for project exe ****

make all 
Info: Building ../exe_bsp/
make --no-print-directory -C ../exe_bsp/
[BSP build complete]
Info: Compiling main.c to obj/default/main.o
nios2-elf-gcc -xc -MP -MMD -c -I../exe_bsp//HAL/inc -I../exe_bsp/ -I../exe_bsp//drivers/inc  -DSYSTEM_BUS_WIDTH=32 -pipe -D__hal__ -DALT_NO_C_PLUS_PLUS -DALT_NO_CLEAN_EXIT -DALT_NO_EXIT -DALT_NO_INSTRUCTION_EMULATION -DSMALL_C_LIB -DALT_SINGLE_THREADED    -O0 -g -Wall   -EL -mno-hw-div -mno-hw-mul -mno-hw-mulx  -o obj/default/main.o main.c
main.c: In function 'main':
main.c:19: warning: unused variable 'impl'
Info: Linking exe.elf
nios2-elf-g++  -T'../exe_bsp//linker.x' -msys-crt0='../exe_bsp//obj/HAL/src/crt0.o' -msys-lib=hal_bsp -L../exe_bsp/  -Wl,--defsym,exit=_exit -msmallc  -Wl,-Map=exe.map   -O0 -g -Wall   -EL -mno-hw-div -mno-hw-mul -mno-hw-mulx  -o exe.elf obj/default/main.o -lm 
nios2-elf-insert exe.elf --thread_model hal --cpu_name nios2_qsys_0 --qsys true --simulation_enabled false --stderr_dev jtag_uart_0 --stdin_dev jtag_uart_0 --stdout_dev jtag_uart_0 --sopc_system_name soc --quartus_project_dir "/home/alek/aktualne/ps2" --sopcinfo /home/alek/aktualne/ps2/software/exe_bsp/../../soc.sopcinfo
Info: (exe.elf) 12 KBytes program size (code + initialized data).
Info:           19 KBytes free for stack + heap.
Info: Creating exe.objdump
nios2-elf-objdump --disassemble --syms --all-header --source exe.elf >exe.objdump
[exe build complete]

**** Build Finished ****

**** Build of configuration Nios II for project exe ****

make all 
Info: Building ../exe_bsp/
make --no-print-directory -C ../exe_bsp/
[BSP build complete]
Info: Compiling main.c to obj/default/main.o
nios2-elf-gcc -xc -MP -MMD -c -I../exe_bsp//HAL/inc -I../exe_bsp/ -I../exe_bsp//drivers/inc  -DSYSTEM_BUS_WIDTH=32 -pipe -D__hal__ -DALT_NO_C_PLUS_PLUS -DALT_NO_CLEAN_EXIT -DALT_NO_EXIT -DALT_NO_INSTRUCTION_EMULATION -DSMALL_C_LIB -DALT_SINGLE_THREADED    -O0 -g -Wall   -EL -mno-hw-div -mno-hw-mul -mno-hw-mulx  -o obj/default/main.o main.c
main.c: In function 'main':
Info: Linking exe.elf
main.c:19: warning: unused variable 'impl'
nios2-elf-g++  -T'../exe_bsp//linker.x' -msys-crt0='../exe_bsp//obj/HAL/src/crt0.o' -msys-lib=hal_bsp -L../exe_bsp/  -Wl,--defsym,exit=_exit -msmallc  -Wl,-Map=exe.map   -O0 -g -Wall   -EL -mno-hw-div -mno-hw-mul -mno-hw-mulx  -o exe.elf obj/default/main.o -lm 
nios2-elf-insert exe.elf --thread_model hal --cpu_name nios2_qsys_0 --qsys true --simulation_enabled false --stderr_dev jtag_uart_0 --stdin_dev jtag_uart_0 --stdout_dev jtag_uart_0 --sopc_system_name soc --quartus_project_dir "/home/alek/aktualne/ps2" --sopcinfo /home/alek/aktualne/ps2/software/exe_bsp/../../soc.sopcinfo
Info: (exe.elf) 12 KBytes program size (code + initialized data).
Info:           19 KBytes free for stack + heap.
Info: Creating exe.objdump
nios2-elf-objdump --disassemble --syms --all-header --source exe.elf >exe.objdump
[exe build complete]

**** Build Finished ****

**** Build of configuration Nios II for project exe ****

make all 
Info: Building ../exe_bsp/
make --no-print-directory -C ../exe_bsp/
[BSP build complete]
Info: Compiling main.c to obj/default/main.o
nios2-elf-gcc -xc -MP -MMD -c -I../exe_bsp//HAL/inc -I../exe_bsp/ -I../exe_bsp//drivers/inc  -DSYSTEM_BUS_WIDTH=32 -pipe -D__hal__ -DALT_NO_C_PLUS_PLUS -DALT_NO_CLEAN_EXIT -DALT_NO_EXIT -DALT_NO_INSTRUCTION_EMULATION -DSMALL_C_LIB -DALT_SINGLE_THREADED    -O0 -g -Wall   -EL -mno-hw-div -mno-hw-mul -mno-hw-mulx  -o obj/default/main.o main.c
Info: Linking exe.elf
nios2-elf-g++  -T'../exe_bsp//linker.x' -msys-crt0='../exe_bsp//obj/HAL/src/crt0.o' -msys-lib=hal_bsp -L../exe_bsp/  -Wl,--defsym,exit=_exit -msmallc  -Wl,-Map=exe.map   -O0 -g -Wall   -EL -mno-hw-div -mno-hw-mul -mno-hw-mulx  -o exe.elf obj/default/main.o -lm 
nios2-elf-insert exe.elf --thread_model hal --cpu_name nios2_qsys_0 --qsys true --simulation_enabled false --stderr_dev jtag_uart_0 --stdin_dev jtag_uart_0 --stdout_dev jtag_uart_0 --sopc_system_name soc --quartus_project_dir "/home/alek/aktualne/ps2" --sopcinfo /home/alek/aktualne/ps2/software/exe_bsp/../../soc.sopcinfo
Info: (exe.elf) 12 KBytes program size (code + initialized data).
Info:           19 KBytes free for stack + heap.
Info: Creating exe.objdump
nios2-elf-objdump --disassemble --syms --all-header --source exe.elf >exe.objdump
[exe build complete]

**** Build Finished ****
