
**** Build of configuration Nios II for project exe ****

make all 
Info: Building ../exe_bsp/
make --no-print-directory -C ../exe_bsp/
[BSP build complete]
Info: Compiling main.c to obj/default/main.o
nios2-elf-gcc -xc -MP -MMD -c -I../exe_bsp//HAL/inc -I../exe_bsp/ -I../exe_bsp//drivers/inc  -DSYSTEM_BUS_WIDTH=32 -pipe -D__hal__ -DALT_NO_C_PLUS_PLUS -DALT_NO_CLEAN_EXIT -DALT_NO_EXIT -DALT_NO_INSTRUCTION_EMULATION -DSMALL_C_LIB -DALT_SINGLE_THREADED    -O2 -g -Wall   -EL -mno-hw-div -mno-hw-mul -mno-hw-mulx  -o obj/default/main.o main.c
Info: Linking exe.elf
nios2-elf-g++  -T'../exe_bsp//linker.x' -msys-crt0='../exe_bsp//obj/HAL/src/crt0.o' -msys-lib=hal_bsp -L../exe_bsp/  -Wl,--defsym,exit=_exit -msmallc  -Wl,-Map=exe.map   -O2 -g -Wall   -EL -mno-hw-div -mno-hw-mul -mno-hw-mulx  -o exe.elf obj/default/main.o -lm 
nios2-elf-insert exe.elf --thread_model hal --cpu_name nios2_qsys_0 --qsys true --simulation_enabled false --stderr_dev jtag_uart_0 --stdin_dev jtag_uart_0 --stdout_dev jtag_uart_0 --sopc_system_name soc --quartus_project_dir "/home/alek/aktualne/sd_card" --sopcinfo /home/alek/aktualne/sd_card/software/exe_bsp/../../soc.sopcinfo
Info: (exe.elf) 9252 Bytes program size (code + initialized data).
Info:           22 KBytes free for stack + heap.
Info: Creating exe.objdump
nios2-elf-objdump --disassemble --syms --all-header --source exe.elf >exe.objdump
[exe build complete]

**** Build Finished ****

**** Build of configuration Nios II for project exe ****

make all 
Info: Building ../exe_bsp/
make --no-print-directory -C ../exe_bsp/
[BSP build complete]
Info: Compiling main.c to obj/default/main.o
nios2-elf-gcc -xc -MP -MMD -c -I../exe_bsp//HAL/inc -I../exe_bsp/ -I../exe_bsp//drivers/inc  -DSYSTEM_BUS_WIDTH=32 -pipe -D__hal__ -DALT_NO_C_PLUS_PLUS -DALT_NO_CLEAN_EXIT -DALT_NO_EXIT -DALT_NO_INSTRUCTION_EMULATION -DSMALL_C_LIB -DALT_SINGLE_THREADED    -O2 -g -Wall   -EL -mno-hw-div -mno-hw-mul -mno-hw-mulx  -o obj/default/main.o main.c
Info: Linking exe.elf
nios2-elf-g++  -T'../exe_bsp//linker.x' -msys-crt0='../exe_bsp//obj/HAL/src/crt0.o' -msys-lib=hal_bsp -L../exe_bsp/  -Wl,--defsym,exit=_exit -msmallc  -Wl,-Map=exe.map   -O2 -g -Wall   -EL -mno-hw-div -mno-hw-mul -mno-hw-mulx  -o exe.elf obj/default/main.o -lm 
nios2-elf-insert exe.elf --thread_model hal --cpu_name nios2_qsys_0 --qsys true --simulation_enabled false --stderr_dev jtag_uart_0 --stdin_dev jtag_uart_0 --stdout_dev jtag_uart_0 --sopc_system_name soc --quartus_project_dir "/home/alek/aktualne/sd_card" --sopcinfo /home/alek/aktualne/sd_card/software/exe_bsp/../../soc.sopcinfo
Info: (exe.elf) 10 KBytes program size (code + initialized data).
Info:           21 KBytes free for stack + heap.
Info: Creating exe.objdump
nios2-elf-objdump --disassemble --syms --all-header --source exe.elf >exe.objdump
[exe build complete]

**** Build Finished ****

**** Build of configuration Nios II for project exe ****

make all 
Info: Building ../exe_bsp/
make --no-print-directory -C ../exe_bsp/
[BSP build complete]
Info: Compiling main.c to obj/default/main.o
nios2-elf-gcc -xc -MP -MMD -c -I../exe_bsp//HAL/inc -I../exe_bsp/ -I../exe_bsp//drivers/inc  -DSYSTEM_BUS_WIDTH=32 -pipe -D__hal__ -DALT_NO_C_PLUS_PLUS -DALT_NO_CLEAN_EXIT -DALT_NO_EXIT -DALT_NO_INSTRUCTION_EMULATION -DSMALL_C_LIB -DALT_SINGLE_THREADED    -O2 -g -Wall   -EL -mno-hw-div -mno-hw-mul -mno-hw-mulx  -o obj/default/main.o main.c
Info: Linking exe.elf
nios2-elf-g++  -T'../exe_bsp//linker.x' -msys-crt0='../exe_bsp//obj/HAL/src/crt0.o' -msys-lib=hal_bsp -L../exe_bsp/  -Wl,--defsym,exit=_exit -msmallc  -Wl,-Map=exe.map   -O2 -g -Wall   -EL -mno-hw-div -mno-hw-mul -mno-hw-mulx  -o exe.elf obj/default/main.o -lm 
nios2-elf-insert exe.elf --thread_model hal --cpu_name nios2_qsys_0 --qsys true --simulation_enabled false --stderr_dev jtag_uart_0 --stdin_dev jtag_uart_0 --stdout_dev jtag_uart_0 --sopc_system_name soc --quartus_project_dir "/home/alek/aktualne/sd_card" --sopcinfo /home/alek/aktualne/sd_card/software/exe_bsp/../../soc.sopcinfo
Info: (exe.elf) 12 KBytes program size (code + initialized data).
Info:           19 KBytes free for stack + heap.
Info: Creating exe.objdump
nios2-elf-objdump --disassemble --syms --all-header --source exe.elf >exe.objdump
[exe build complete]

**** Build Finished ****

**** Build of configuration Nios II for project exe ****

make all 
Info: Building ../exe_bsp/
make --no-print-directory -C ../exe_bsp/
[BSP build complete]
Info: Compiling main.c to obj/default/main.o
nios2-elf-gcc -xc -MP -MMD -c -I../exe_bsp//HAL/inc -I../exe_bsp/ -I../exe_bsp//drivers/inc  -DSYSTEM_BUS_WIDTH=32 -pipe -D__hal__ -DALT_NO_C_PLUS_PLUS -DALT_NO_CLEAN_EXIT -DALT_NO_EXIT -DALT_NO_INSTRUCTION_EMULATION -DSMALL_C_LIB -DALT_SINGLE_THREADED    -O2 -g -Wall   -EL -mno-hw-div -mno-hw-mul -mno-hw-mulx  -o obj/default/main.o main.c
main.c: In function 'main':
main.c:14: warning: implicit declaration of function 'memset'
Info: Linking exe.elf
main.c:14: warning: incompatible implicit declaration of built-in function 'memset'
nios2-elf-g++  -T'../exe_bsp//linker.x' -msys-crt0='../exe_bsp//obj/HAL/src/crt0.o' -msys-lib=hal_bsp -L../exe_bsp/  -Wl,--defsym,exit=_exit -msmallc  -Wl,-Map=exe.map   -O2 -g -Wall   -EL -mno-hw-div -mno-hw-mul -mno-hw-mulx  -o exe.elf obj/default/main.o -lm 
main.c:14: warning: passing argument 1 of 'memset' discards qualifiers from pointer target type
nios2-elf-insert exe.elf --thread_model hal --cpu_name nios2_qsys_0 --qsys true --simulation_enabled false --stderr_dev jtag_uart_0 --stdin_dev jtag_uart_0 --stdout_dev jtag_uart_0 --sopc_system_name soc --quartus_project_dir "/home/alek/aktualne/sd_card" --sopcinfo /home/alek/aktualne/sd_card/software/exe_bsp/../../soc.sopcinfo
main.c:16: warning: passing argument 2 of '__builtin_stwio' makes integer from pointer without a cast
Info: (exe.elf) 12 KBytes program size (code + initialized data).
Info:           19 KBytes free for stack + heap.
Info: Creating exe.objdump
nios2-elf-objdump --disassemble --syms --all-header --source exe.elf >exe.objdump
[exe build complete]

**** Build Finished ****

**** Build of configuration Nios II for project exe ****

make all 
Info: Building ../exe_bsp/
make --no-print-directory -C ../exe_bsp/
[BSP build complete]
[exe build complete]

**** Build Finished ****

**** Build of configuration Nios II for project exe ****

make all 
Info: Building ../exe_bsp/
make --no-print-directory -C ../exe_bsp/
[BSP build complete]
Info: Compiling main.c to obj/default/main.o
nios2-elf-gcc -xc -MP -MMD -c -I../exe_bsp//HAL/inc -I../exe_bsp/ -I../exe_bsp//drivers/inc  -DSYSTEM_BUS_WIDTH=32 -pipe -D__hal__ -DALT_NO_C_PLUS_PLUS -DALT_NO_CLEAN_EXIT -DALT_NO_EXIT -DALT_NO_INSTRUCTION_EMULATION -DSMALL_C_LIB -DALT_SINGLE_THREADED    -O2 -g -Wall   -EL -mno-hw-div -mno-hw-mul -mno-hw-mulx  -o obj/default/main.o main.c
main.c: In function 'main':
main.c:14: warning: implicit declaration of function 'memset'
Info: Linking exe.elf
main.c:14: warning: incompatible implicit declaration of built-in function 'memset'
nios2-elf-g++  -T'../exe_bsp//linker.x' -msys-crt0='../exe_bsp//obj/HAL/src/crt0.o' -msys-lib=hal_bsp -L../exe_bsp/  -Wl,--defsym,exit=_exit -msmallc  -Wl,-Map=exe.map   -O2 -g -Wall   -EL -mno-hw-div -mno-hw-mul -mno-hw-mulx  -o exe.elf obj/default/main.o -lm 
main.c:14: warning: passing argument 1 of 'memset' discards qualifiers from pointer target type
nios2-elf-insert exe.elf --thread_model hal --cpu_name nios2_qsys_0 --qsys true --simulation_enabled false --stderr_dev jtag_uart_0 --stdin_dev jtag_uart_0 --stdout_dev jtag_uart_0 --sopc_system_name soc --quartus_project_dir "/home/alek/aktualne/sd_card" --sopcinfo /home/alek/aktualne/sd_card/software/exe_bsp/../../soc.sopcinfo
main.c:16: warning: passing argument 2 of '__builtin_stwio' makes integer from pointer without a cast
main.c:38: warning: passing argument 2 of '__builtin_stwio' makes integer from pointer without a cast
Info: (exe.elf) 12 KBytes program size (code + initialized data).
Info:           19 KBytes free for stack + heap.
Info: Creating exe.objdump
nios2-elf-objdump --disassemble --syms --all-header --source exe.elf >exe.objdump
[exe build complete]

**** Build Finished ****

**** Build of configuration Nios II for project exe ****

make all 
Info: Building ../exe_bsp/
make --no-print-directory -C ../exe_bsp/
[BSP build complete]
[exe build complete]

**** Build Finished ****

**** Build of configuration Nios II for project exe ****

make all 
Info: Building ../exe_bsp/
make --no-print-directory -C ../exe_bsp/
[BSP build complete]
[exe build complete]

**** Build Finished ****

**** Build of configuration Nios II for project exe ****

make all 
Info: Building ../exe_bsp/
make --no-print-directory -C ../exe_bsp/
[BSP build complete]
[exe build complete]

**** Build Finished ****

**** Build of configuration Nios II for project exe ****

make all 
Info: Building ../exe_bsp/
make --no-print-directory -C ../exe_bsp/
[BSP build complete]
Info: Compiling main.c to obj/default/main.o
nios2-elf-gcc -xc -MP -MMD -c -I../exe_bsp//HAL/inc -I../exe_bsp/ -I../exe_bsp//drivers/inc  -DSYSTEM_BUS_WIDTH=32 -pipe -D__hal__ -DALT_NO_C_PLUS_PLUS -DALT_NO_CLEAN_EXIT -DALT_NO_EXIT -DALT_NO_INSTRUCTION_EMULATION -DSMALL_C_LIB -DALT_SINGLE_THREADED    -O2 -g -Wall   -EL -mno-hw-div -mno-hw-mul -mno-hw-mulx  -o obj/default/main.o main.c
main.c: In function 'main':
Info: Linking exe.elf
main.c:14: warning: implicit declaration of function 'memset'
nios2-elf-g++  -T'../exe_bsp//linker.x' -msys-crt0='../exe_bsp//obj/HAL/src/crt0.o' -msys-lib=hal_bsp -L../exe_bsp/  -Wl,--defsym,exit=_exit -msmallc  -Wl,-Map=exe.map   -O2 -g -Wall   -EL -mno-hw-div -mno-hw-mul -mno-hw-mulx  -o exe.elf obj/default/main.o -lm 
main.c:14: warning: incompatible implicit declaration of built-in function 'memset'
nios2-elf-insert exe.elf --thread_model hal --cpu_name nios2_qsys_0 --qsys true --simulation_enabled false --stderr_dev jtag_uart_0 --stdin_dev jtag_uart_0 --stdout_dev jtag_uart_0 --sopc_system_name soc --quartus_project_dir "/home/alek/aktualne/sd_card" --sopcinfo /home/alek/aktualne/sd_card/software/exe_bsp/../../soc.sopcinfo
main.c:14: warning: passing argument 1 of 'memset' discards qualifiers from pointer target type
main.c:16: warning: passing argument 2 of '__builtin_stwio' makes integer from pointer without a cast
main.c:40: warning: passing argument 2 of '__builtin_stwio' makes integer from pointer without a cast
Info: (exe.elf) 12 KBytes program size (code + initialized data).
Info:           19 KBytes free for stack + heap.
Info: Creating exe.objdump
nios2-elf-objdump --disassemble --syms --all-header --source exe.elf >exe.objdump
[exe build complete]

**** Build Finished ****

**** Build of configuration Nios II for project exe ****

make all 
Info: Building ../exe_bsp/
make --no-print-directory -C ../exe_bsp/
[BSP build complete]
[exe build complete]

**** Build Finished ****
