
**** Build of configuration Nios II for project exe ****

make all 
Info: Building ../exe_bsp/
make --no-print-directory -C ../exe_bsp/
[BSP build complete]
Info: Compiling main.c to obj/default/main.o
nios2-elf-gcc -xc -MP -MMD -c -I../exe_bsp//HAL/inc -I../exe_bsp/ -I../exe_bsp//drivers/inc  -DSYSTEM_BUS_WIDTH=32 -pipe -D__hal__ -DALT_NO_C_PLUS_PLUS -DALT_NO_CLEAN_EXIT -DALT_NO_EXIT -DALT_NO_INSTRUCTION_EMULATION -DSMALL_C_LIB -DALT_SINGLE_THREADED    -O2 -g -Wall   -EL -mno-hw-div -mno-hw-mul -mno-hw-mulx  -o obj/default/main.o main.c
main.c:9: warning: missing braces around initializer
Info: Linking exe.elf
main.c:9: warning: (near initialization for 'palette3[0]')
nios2-elf-g++  -T'../exe_bsp//linker.x' -msys-crt0='../exe_bsp//obj/HAL/src/crt0.o' -msys-lib=hal_bsp -L../exe_bsp/  -Wl,--defsym,exit=_exit -msmallc  -Wl,-Map=exe.map   -O2 -g -Wall   -EL -mno-hw-div -mno-hw-mul -mno-hw-mulx  -o exe.elf obj/default/main.o -lm 
main.c:48: warning: missing braces around initializer
main.c:48: warning: (near initialization for 'palette0[0]')
main.c:60: warning: missing braces around initializer
main.c:60: warning: (near initialization for 'palette1[0]')
main.c:71: warning: missing braces around initializer
main.c:71: warning: (near initialization for 'palette2[0]')
main.c: In function 'test_text_mode':
main.c:160: warning: unused variable 'mode_03'
main.c:145: warning: unused variable 'mode_01'
main.c: In function 'main':
main.c:407: warning: unused variable 'mode_11'
main.c:392: warning: unused variable 'mode_10'
main.c:377: warning: unused variable 'mode_0f'
main.c:362: warning: unused variable 'mode_0e'
main.c:347: warning: unused variable 'mode_0d'
main.c:332: warning: unused variable 'mode_06'
main.c:317: warning: unused variable 'mode_05'
main.c:301: warning: unused variable 'mode_04'
main.c: At top level:
nios2-elf-insert exe.elf --thread_model hal --cpu_name nios2_qsys_0 --qsys true --simulation_enabled false --stderr_dev jtag_uart_0 --stdin_dev jtag_uart_0 --stdout_dev jtag_uart_0 --sopc_system_name vga_soc --quartus_project_dir "/home/alek/aktualne/vga" --sopcinfo /home/alek/aktualne/vga/software/exe_bsp/../../vga_soc.sopcinfo
main.c:7: warning: 'palette3' defined but not used
main.c:46: warning: 'palette0' defined but not used
main.c:58: warning: 'palette1' defined but not used
Info: (exe.elf) 11 KBytes program size (code + initialized data).
Info:           20 KBytes free for stack + heap.
Info: Creating exe.objdump
nios2-elf-objdump --disassemble --syms --all-header --source exe.elf >exe.objdump
[exe build complete]

**** Build Finished ****
